TN:
SF:src\mymath.js
FN:1,<static_initializer>
FN:2,sum
FN:6,difference
FN:10,multiply
FN:14,divide
FN:18,convertCurrency
FN:24,getCurrencyConversionRatesFromInternet
FNF:7
FNH:6
FNDA:1,<static_initializer>
FNDA:1,sum
FNDA:1,difference
FNDA:1,multiply
FNDA:1,divide
FNDA:1,convertCurrency
FNDA:0,getCurrencyConversionRatesFromInternet
DA:1,1
DA:2,1
DA:3,1
DA:4,1
DA:5,1
DA:6,1
DA:7,1
DA:8,1
DA:9,1
DA:10,1
DA:11,1
DA:12,1
DA:13,1
DA:14,1
DA:15,1
DA:16,1
DA:17,1
DA:18,1
DA:19,1
DA:20,1
DA:21,1
DA:22,1
DA:23,1
DA:24,1
DA:25,0
DA:26,0
DA:27,0
DA:28,0
DA:29,0
DA:30,1
LF:30
LH:25
BRDA:1,0,0,1
BRDA:2,1,0,1
BRDA:6,2,0,1
BRDA:10,3,0,1
BRDA:14,4,0,1
BRDA:18,5,0,1
BRF:6
BRH:6
end_of_record
